<?xml version="1.0" encoding="UTF-8"?>
<!-- Generated by org.testng.reporters.JUnitReportReporter -->
<testsuite skipped="0" hostname="DESKTOP-FID49DI" name="com.test.AnnotationPriority" tests="2" failures="0" timestamp="17 Aug 2021 18:07:52 GMT" time="0.024" errors="0">
  <testcase name="testMethod" time="0.021" classname="com.test.AnnotationPriority"/>
  <testcase name="testMethod3" time="0.003" classname="com.test.AnnotationPriority"/>
</testsuite> <!-- com.test.AnnotationPriority -->
